c:\users\an\desktop\git project\dx11_teamproject_thymesia\dx11_thymesia_framework\client\default\x64\debug\client.pch
c:\users\an\desktop\git project\dx11_teamproject_thymesia\dx11_thymesia_framework\client\default\x64\debug\vc143.pdb
c:\users\an\desktop\git project\dx11_teamproject_thymesia\dx11_thymesia_framework\client\default\x64\debug\vc143.idb
c:\users\an\desktop\git project\dx11_teamproject_thymesia\dx11_thymesia_framework\client\default\x64\debug\stdafx.obj
c:\users\an\desktop\git project\dx11_teamproject_thymesia\dx11_thymesia_framework\client\default\x64\debug\unity_2bynxji0l5npnhad.obj
c:\users\an\desktop\git project\dx11_teamproject_thymesia\dx11_thymesia_framework\client\default\x64\debug\unity_7rw4humvrcz2uev4.obj
c:\users\an\desktop\git project\dx11_teamproject_thymesia\dx11_thymesia_framework\client\default\x64\debug\unity_pcgklf04qr6sl280.obj
c:\users\an\desktop\git project\dx11_teamproject_thymesia\dx11_thymesia_framework\client\default\x64\debug\unity_goeia4eh5gf6v3xc.obj
c:\users\an\desktop\git project\dx11_teamproject_thymesia\dx11_thymesia_framework\client\default\x64\debug\unity_78zhm8eg68hmsrt2.obj
c:\users\an\desktop\git project\dx11_teamproject_thymesia\dx11_thymesia_framework\client\default\x64\debug\unity_g2dn3sxbduekub6j.obj
c:\users\an\desktop\git project\dx11_teamproject_thymesia\dx11_thymesia_framework\client\default\x64\debug\unity_vjl6wf62igdgzbe9.obj
c:\users\an\desktop\git project\dx11_teamproject_thymesia\dx11_thymesia_framework\client\bin\shader_vtxnortex.cso
c:\users\an\desktop\git project\dx11_teamproject_thymesia\dx11_thymesia_framework\client\bin\shader_vtxpointinstance.cso
c:\users\an\desktop\git project\dx11_teamproject_thymesia\dx11_thymesia_framework\client\bin\shader_xblur.cso
c:\users\an\desktop\git project\dx11_teamproject_thymesia\dx11_thymesia_framework\client\bin\shader_vtxanimmodel.cso
c:\users\an\desktop\git project\dx11_teamproject_thymesia\dx11_thymesia_framework\client\bin\shader_hyperspace.cso
c:\users\an\desktop\git project\dx11_teamproject_thymesia\dx11_thymesia_framework\client\bin\shader_vtxmodel.cso
c:\users\an\desktop\git project\dx11_teamproject_thymesia\dx11_thymesia_framework\client\bin\shader_vtxcolor.cso
c:\users\an\desktop\git project\dx11_teamproject_thymesia\dx11_thymesia_framework\client\bin\shader_vtxinstance.cso
c:\users\an\desktop\git project\dx11_teamproject_thymesia\dx11_thymesia_framework\client\bin\shader_deferred.cso
c:\users\an\desktop\git project\dx11_teamproject_thymesia\dx11_thymesia_framework\client\bin\shader_vtxcubetex.cso
c:\users\an\desktop\git project\dx11_teamproject_thymesia\dx11_thymesia_framework\client\bin\shader_vtxground.cso
c:\users\an\desktop\git project\dx11_teamproject_thymesia\dx11_thymesia_framework\client\bin\shader_effectmesh.cso
c:\users\an\desktop\git project\dx11_teamproject_thymesia\dx11_thymesia_framework\client\bin\shader_hpbar.cso
c:\users\an\desktop\git project\dx11_teamproject_thymesia\dx11_thymesia_framework\client\bin\shader_luxiya.cso
c:\users\an\desktop\git project\dx11_teamproject_thymesia\dx11_thymesia_framework\client\bin\shader_vtxtex.cso
c:\users\an\desktop\git project\dx11_teamproject_thymesia\dx11_thymesia_framework\client\default\x64\debug\client.tlog\cl.command.1.tlog
c:\users\an\desktop\git project\dx11_teamproject_thymesia\dx11_thymesia_framework\client\default\x64\debug\client.tlog\cl.read.1.tlog
c:\users\an\desktop\git project\dx11_teamproject_thymesia\dx11_thymesia_framework\client\default\x64\debug\client.tlog\cl.write.1.tlog
c:\users\an\desktop\git project\dx11_teamproject_thymesia\dx11_thymesia_framework\client\default\x64\debug\client.tlog\fxc.command.1.tlog
c:\users\an\desktop\git project\dx11_teamproject_thymesia\dx11_thymesia_framework\client\default\x64\debug\client.tlog\microsoft.build.fxctask.fxc.read.1.tlog
c:\users\an\desktop\git project\dx11_teamproject_thymesia\dx11_thymesia_framework\client\default\x64\debug\client.tlog\microsoft.build.fxctask.fxc.write.1.tlog
