  unity_MLNUVXGFETRAIHHW.cpp
  unity_KD509P3NG3WHDKTF.cpp
  unity_WK8PQ68J4USVWR1O.cpp
  unity_0PCBRTN2IA9U21ZX.cpp
  unity_IAF1OAJ7Z71CK8T2.cpp
C:\Users\net_n\Desktop\Project\2022\DF_Engine\DX11_TeamProject_Thymesia\DX11_Thymesia_Framework\Client\Private\Loader.cpp(385,12): warning C4101: 'TransformMatrix' :참조되지 않은 지역 변수입니다. (소스 파일 컴파일 중 C:\Users\net_n\Desktop\Project\2022\DF_Engine\DX11_TeamProject_Thymesia\DX11_Thymesia_Framework\Client\Default\unity_IAF1OAJ7Z71CK8T2.cpp)
C:\Users\net_n\Desktop\Project\2022\DF_Engine\DX11_TeamProject_Thymesia\DX11_Thymesia_Framework\Client\Private\Loader.cpp(455,12): warning C4101: 'TransformMatrix' :참조되지 않은 지역 변수입니다. (소스 파일 컴파일 중 C:\Users\net_n\Desktop\Project\2022\DF_Engine\DX11_TeamProject_Thymesia\DX11_Thymesia_Framework\Client\Default\unity_IAF1OAJ7Z71CK8T2.cpp)
C:\Users\net_n\Desktop\Project\2022\DF_Engine\DX11_TeamProject_Thymesia\DX11_Thymesia_Framework\Client\Private\MainApp.cpp(74,41): warning C4838: 'unsigned long'에서 'LONG'(으)로의 변환에는 축소 변환이 필요합니다. (소스 파일 컴파일 중 C:\Users\net_n\Desktop\Project\2022\DF_Engine\DX11_TeamProject_Thymesia\DX11_Thymesia_Framework\Client\Default\unity_IAF1OAJ7Z71CK8T2.cpp)
C:\Users\net_n\Desktop\Project\2022\DF_Engine\DX11_TeamProject_Thymesia\DX11_Thymesia_Framework\Client\Private\MainApp.cpp(74,70): warning C4838: 'unsigned long'에서 'LONG'(으)로의 변환에는 축소 변환이 필요합니다. (소스 파일 컴파일 중 C:\Users\net_n\Desktop\Project\2022\DF_Engine\DX11_TeamProject_Thymesia\DX11_Thymesia_Framework\Client\Default\unity_IAF1OAJ7Z71CK8T2.cpp)
C:\Users\net_n\Desktop\Project\2022\DF_Engine\DX11_TeamProject_Thymesia\DX11_Thymesia_Framework\Client\Private\Window_AnimationPlayerView.cpp(208,45): warning C4267: '인수': 'size_t'에서 'int'(으)로 변환하면서 데이터가 손실될 수 있습니다. (소스 파일 컴파일 중 C:\Users\net_n\Desktop\Project\2022\DF_Engine\DX11_TeamProject_Thymesia\DX11_Thymesia_Framework\Client\Default\unity_KD509P3NG3WHDKTF.cpp)
C:\Users\net_n\Desktop\Project\2022\DF_Engine\DX11_TeamProject_Thymesia\DX11_Thymesia_Framework\Client\Private\Window_AnimationPlayerView.cpp(309,57): warning C4244: '인수': 'float'에서 'int'(으)로 변환하면서 데이터가 손실될 수 있습니다. (소스 파일 컴파일 중 C:\Users\net_n\Desktop\Project\2022\DF_Engine\DX11_TeamProject_Thymesia\DX11_Thymesia_Framework\Client\Default\unity_KD509P3NG3WHDKTF.cpp)
C:\Users\net_n\Desktop\Project\2022\DF_Engine\DX11_TeamProject_Thymesia\DX11_Thymesia_Framework\Client\Private\Window_ComponentView.cpp(222,31): warning C4244: '=': '__int64'에서 'Engine::_int'(으)로 변환하면서 데이터가 손실될 수 있습니다. (소스 파일 컴파일 중 C:\Users\net_n\Desktop\Project\2022\DF_Engine\DX11_TeamProject_Thymesia\DX11_Thymesia_Framework\Client\Default\unity_KD509P3NG3WHDKTF.cpp)
C:\Users\net_n\Desktop\Project\2022\DF_Engine\DX11_TeamProject_Thymesia\DX11_Thymesia_Framework\Client\Private\GameManager.cpp(353,36): warning C4267: '인수': 'size_t'에서 'int'(으)로 변환하면서 데이터가 손실될 수 있습니다. (소스 파일 컴파일 중 C:\Users\net_n\Desktop\Project\2022\DF_Engine\DX11_TeamProject_Thymesia\DX11_Thymesia_Framework\Client\Default\unity_MLNUVXGFETRAIHHW.cpp)
C:\Users\net_n\Desktop\Project\2022\DF_Engine\DX11_TeamProject_Thymesia\DX11_Thymesia_Framework\Client\Private\GameManager.cpp(367,37): warning C4267: '인수': 'size_t'에서 'int'(으)로 변환하면서 데이터가 손실될 수 있습니다. (소스 파일 컴파일 중 C:\Users\net_n\Desktop\Project\2022\DF_Engine\DX11_TeamProject_Thymesia\DX11_Thymesia_Framework\Client\Default\unity_MLNUVXGFETRAIHHW.cpp)
C:\Users\net_n\Desktop\Project\2022\DF_Engine\DX11_TeamProject_Thymesia\DX11_Thymesia_Framework\Client\Private\GameManager.cpp(367,40): warning C4267: '인수': 'size_t'에서 'int'(으)로 변환하면서 데이터가 손실될 수 있습니다. (소스 파일 컴파일 중 C:\Users\net_n\Desktop\Project\2022\DF_Engine\DX11_TeamProject_Thymesia\DX11_Thymesia_Framework\Client\Default\unity_MLNUVXGFETRAIHHW.cpp)
C:\Program Files\Microsoft Visual Studio\2022\Community\VC\Tools\MSVC\14.31.31103\include\utility(190,48): warning C4267: '초기화 중': 'size_t'에서 '_Ty1'(으)로 변환하면서 데이터가 손실될 수 있습니다.
          with
          [
              _Ty1=const Engine::_int
          ] (소스 파일 컴파일 중 C:\Users\net_n\Desktop\Project\2022\DF_Engine\DX11_TeamProject_Thymesia\DX11_Thymesia_Framework\Client\Default\unity_MLNUVXGFETRAIHHW.cpp)
C:\Program Files\Microsoft Visual Studio\2022\Community\VC\Tools\MSVC\14.31.31103\include\xmemory(673): message : 컴파일되는 함수 템플릿 인스턴스화 'std::pair<const Engine::_int,std::map<Engine::_int,Client::KEYFRAME_EVENT,std::less<int>,std::allocator<std::pair<const Engine::_int,Client::KEYFRAME_EVENT>>>>::pair<Engine::_size_t&,_Ty,0>(_Other1,_Other2 &&) noexcept(false)'에 대한 참조를 확인하세요.
          with
          [
              _Ty=Client::CGameManager::KEYEVENT,
              _Other1=Engine::_size_t &,
              _Other2=Client::CGameManager::KEYEVENT
          ] (소스 파일 컴파일 중 C:\Users\net_n\Desktop\Project\2022\DF_Engine\DX11_TeamProject_Thymesia\DX11_Thymesia_Framework\Client\Default\unity_MLNUVXGFETRAIHHW.cpp)
C:\Program Files\Microsoft Visual Studio\2022\Community\VC\Tools\MSVC\14.31.31103\include\xmemory(680): message : 컴파일되는 함수 템플릿 인스턴스화 'std::pair<const Engine::_int,std::map<Engine::_int,Client::KEYFRAME_EVENT,std::less<int>,std::allocator<std::pair<const Engine::_int,Client::KEYFRAME_EVENT>>>>::pair<Engine::_size_t&,_Ty,0>(_Other1,_Other2 &&) noexcept(false)'에 대한 참조를 확인하세요.
          with
          [
              _Ty=Client::CGameManager::KEYEVENT,
              _Other1=Engine::_size_t &,
              _Other2=Client::CGameManager::KEYEVENT
          ] (소스 파일 컴파일 중 C:\Users\net_n\Desktop\Project\2022\DF_Engine\DX11_TeamProject_Thymesia\DX11_Thymesia_Framework\Client\Default\unity_MLNUVXGFETRAIHHW.cpp)
C:\Program Files\Microsoft Visual Studio\2022\Community\VC\Tools\MSVC\14.31.31103\include\xtree(804): message : 컴파일되는 함수 템플릿 인스턴스화 'void std::_Default_allocator_traits<_Alloc>::construct<_Ty,Engine::_size_t&,std::map<Engine::_int,Client::KEYFRAME_EVENT,std::less<int>,std::allocator<std::pair<const Engine::_int,Client::KEYFRAME_EVENT>>>>(_Alloc &,_Objty *const ,Engine::_size_t &,std::map<Engine::_int,Client::KEYFRAME_EVENT,std::less<int>,std::allocator<std::pair<const Engine::_int,Client::KEYFRAME_EVENT>>> &&)'에 대한 참조를 확인하세요.
          with
          [
              _Alloc=std::allocator<std::_Tree_node<std::pair<const Engine::_int,std::map<Engine::_int,Client::KEYFRAME_EVENT,std::less<int>,std::allocator<std::pair<const Engine::_int,Client::KEYFRAME_EVENT>>>>,std::_Default_allocator_traits<std::allocator<std::pair<const Engine::_int,std::map<Engine::_int,Client::KEYFRAME_EVENT,std::less<int>,std::allocator<std::pair<const Engine::_int,Client::KEYFRAME_EVENT>>>>>>::void_pointer>>,
              _Ty=std::pair<const Engine::_int,std::map<Engine::_int,Client::KEYFRAME_EVENT,std::less<int>,std::allocator<std::pair<const Engine::_int,Client::KEYFRAME_EVENT>>>>,
              _Objty=std::pair<const Engine::_int,std::map<Engine::_int,Client::KEYFRAME_EVENT,std::less<int>,std::allocator<std::pair<const Engine::_int,Client::KEYFRAME_EVENT>>>>
          ] (소스 파일 컴파일 중 C:\Users\net_n\Desktop\Project\2022\DF_Engine\DX11_TeamProject_Thymesia\DX11_Thymesia_Framework\Client\Default\unity_MLNUVXGFETRAIHHW.cpp)
C:\Program Files\Microsoft Visual Studio\2022\Community\VC\Tools\MSVC\14.31.31103\include\xtree(805): message : 컴파일되는 함수 템플릿 인스턴스화 'void std::_Default_allocator_traits<_Alloc>::construct<_Ty,Engine::_size_t&,std::map<Engine::_int,Client::KEYFRAME_EVENT,std::less<int>,std::allocator<std::pair<const Engine::_int,Client::KEYFRAME_EVENT>>>>(_Alloc &,_Objty *const ,Engine::_size_t &,std::map<Engine::_int,Client::KEYFRAME_EVENT,std::less<int>,std::allocator<std::pair<const Engine::_int,Client::KEYFRAME_EVENT>>> &&)'에 대한 참조를 확인하세요.
          with
          [
              _Alloc=std::allocator<std::_Tree_node<std::pair<const Engine::_int,std::map<Engine::_int,Client::KEYFRAME_EVENT,std::less<int>,std::allocator<std::pair<const Engine::_int,Client::KEYFRAME_EVENT>>>>,std::_Default_allocator_traits<std::allocator<std::pair<const Engine::_int,std::map<Engine::_int,Client::KEYFRAME_EVENT,std::less<int>,std::allocator<std::pair<const Engine::_int,Client::KEYFRAME_EVENT>>>>>>::void_pointer>>,
              _Ty=std::pair<const Engine::_int,std::map<Engine::_int,Client::KEYFRAME_EVENT,std::less<int>,std::allocator<std::pair<const Engine::_int,Client::KEYFRAME_EVENT>>>>,
              _Objty=std::pair<const Engine::_int,std::map<Engine::_int,Client::KEYFRAME_EVENT,std::less<int>,std::allocator<std::pair<const Engine::_int,Client::KEYFRAME_EVENT>>>>
          ] (소스 파일 컴파일 중 C:\Users\net_n\Desktop\Project\2022\DF_Engine\DX11_TeamProject_Thymesia\DX11_Thymesia_Framework\Client\Default\unity_MLNUVXGFETRAIHHW.cpp)
C:\Program Files\Microsoft Visual Studio\2022\Community\VC\Tools\MSVC\14.31.31103\include\xtree(996): message : 컴파일되는 함수 템플릿 인스턴스화 'std::_Tree_temp_node<std::allocator<std::_Tree_node<std::pair<const Engine::_int,std::map<Engine::_int,Client::KEYFRAME_EVENT,std::less<int>,std::allocator<std::pair<const Engine::_int,Client::KEYFRAME_EVENT>>>>,std::_Default_allocator_traits<_Alloc>::void_pointer>>>::_Tree_temp_node<Engine::_size_t&,_Ty>(_Alnode &,std::_Tree_node<std::pair<const Engine::_int,std::map<Engine::_int,Client::KEYFRAME_EVENT,std::less<int>,std::allocator<std::pair<const Engine::_int,Client::KEYFRAME_EVENT>>>>,std::_Default_allocator_traits<_Alloc>::void_pointer> *,Engine::_size_t &,_Ty &&)'에 대한 참조를 확인하세요.
          with
          [
              _Alloc=std::allocator<std::pair<const Engine::_int,std::map<Engine::_int,Client::KEYFRAME_EVENT,std::less<int>,std::allocator<std::pair<const Engine::_int,Client::KEYFRAME_EVENT>>>>>,
              _Ty=Client::CGameManager::KEYEVENT,
              _Alnode=std::allocator<std::_Tree_node<std::pair<const Engine::_int,std::map<Engine::_int,Client::KEYFRAME_EVENT,std::less<int>,std::allocator<std::pair<const Engine::_int,Client::KEYFRAME_EVENT>>>>,std::_Default_allocator_traits<std::allocator<std::pair<const Engine::_int,std::map<Engine::_int,Client::KEYFRAME_EVENT,std::less<int>,std::allocator<std::pair<const Engine::_int,Client::KEYFRAME_EVENT>>>>>>::void_pointer>>
          ] (소스 파일 컴파일 중 C:\Users\net_n\Desktop\Project\2022\DF_Engine\DX11_TeamProject_Thymesia\DX11_Thymesia_Framework\Client\Default\unity_MLNUVXGFETRAIHHW.cpp)
C:\Program Files\Microsoft Visual Studio\2022\Community\VC\Tools\MSVC\14.31.31103\include\xtree(1012): message : 컴파일되는 함수 템플릿 인스턴스화 'std::_Tree_temp_node<std::allocator<std::_Tree_node<std::pair<const Engine::_int,std::map<Engine::_int,Client::KEYFRAME_EVENT,std::less<int>,std::allocator<std::pair<const Engine::_int,Client::KEYFRAME_EVENT>>>>,std::_Default_allocator_traits<_Alloc>::void_pointer>>>::_Tree_temp_node<Engine::_size_t&,_Ty>(_Alnode &,std::_Tree_node<std::pair<const Engine::_int,std::map<Engine::_int,Client::KEYFRAME_EVENT,std::less<int>,std::allocator<std::pair<const Engine::_int,Client::KEYFRAME_EVENT>>>>,std::_Default_allocator_traits<_Alloc>::void_pointer> *,Engine::_size_t &,_Ty &&)'에 대한 참조를 확인하세요.
          with
          [
              _Alloc=std::allocator<std::pair<const Engine::_int,std::map<Engine::_int,Client::KEYFRAME_EVENT,std::less<int>,std::allocator<std::pair<const Engine::_int,Client::KEYFRAME_EVENT>>>>>,
              _Ty=Client::CGameManager::KEYEVENT,
              _Alnode=std::allocator<std::_Tree_node<std::pair<const Engine::_int,std::map<Engine::_int,Client::KEYFRAME_EVENT,std::less<int>,std::allocator<std::pair<const Engine::_int,Client::KEYFRAME_EVENT>>>>,std::_Default_allocator_traits<std::allocator<std::pair<const Engine::_int,std::map<Engine::_int,Client::KEYFRAME_EVENT,std::less<int>,std::allocator<std::pair<const Engine::_int,Client::KEYFRAME_EVENT>>>>>>::void_pointer>>
          ] (소스 파일 컴파일 중 C:\Users\net_n\Desktop\Project\2022\DF_Engine\DX11_TeamProject_Thymesia\DX11_Thymesia_Framework\Client\Default\unity_MLNUVXGFETRAIHHW.cpp)
C:\Program Files\Microsoft Visual Studio\2022\Community\VC\Tools\MSVC\14.31.31103\include\xtree(1033): message : 컴파일되는 함수 템플릿 인스턴스화 'std::pair<std::_Tree_node<std::pair<const Engine::_int,std::map<Engine::_int,Client::KEYFRAME_EVENT,std::less<int>,std::allocator<std::pair<const Engine::_int,Client::KEYFRAME_EVENT>>>>,std::_Default_allocator_traits<_Alloc>::void_pointer> *,bool> std::_Tree<std::_Tmap_traits<_Kty,_Ty,_Pr,_Alloc,false>>::_Emplace<Engine::_size_t&,_Ty>(Engine::_size_t &,_Ty &&)'에 대한 참조를 확인하세요.
          with
          [
              _Alloc=std::allocator<std::pair<const Engine::_int,std::map<Engine::_int,Client::KEYFRAME_EVENT,std::less<int>,std::allocator<std::pair<const Engine::_int,Client::KEYFRAME_EVENT>>>>>,
              _Kty=Engine::_int,
              _Ty=std::map<Engine::_int,Client::KEYFRAME_EVENT,std::less<int>,std::allocator<std::pair<const Engine::_int,Client::KEYFRAME_EVENT>>>,
              _Pr=std::less<int>
          ] (소스 파일 컴파일 중 C:\Users\net_n\Desktop\Project\2022\DF_Engine\DX11_TeamProject_Thymesia\DX11_Thymesia_Framework\Client\Default\unity_MLNUVXGFETRAIHHW.cpp)
C:\Program Files\Microsoft Visual Studio\2022\Community\VC\Tools\MSVC\14.31.31103\include\xtree(1034): message : 컴파일되는 함수 템플릿 인스턴스화 'std::pair<std::_Tree_node<std::pair<const Engine::_int,std::map<Engine::_int,Client::KEYFRAME_EVENT,std::less<int>,std::allocator<std::pair<const Engine::_int,Client::KEYFRAME_EVENT>>>>,std::_Default_allocator_traits<_Alloc>::void_pointer> *,bool> std::_Tree<std::_Tmap_traits<_Kty,_Ty,_Pr,_Alloc,false>>::_Emplace<Engine::_size_t&,_Ty>(Engine::_size_t &,_Ty &&)'에 대한 참조를 확인하세요.
          with
          [
              _Alloc=std::allocator<std::pair<const Engine::_int,std::map<Engine::_int,Client::KEYFRAME_EVENT,std::less<int>,std::allocator<std::pair<const Engine::_int,Client::KEYFRAME_EVENT>>>>>,
              _Kty=Engine::_int,
              _Ty=std::map<Engine::_int,Client::KEYFRAME_EVENT,std::less<int>,std::allocator<std::pair<const Engine::_int,Client::KEYFRAME_EVENT>>>,
              _Pr=std::less<int>
          ] (소스 파일 컴파일 중 C:\Users\net_n\Desktop\Project\2022\DF_Engine\DX11_TeamProject_Thymesia\DX11_Thymesia_Framework\Client\Default\unity_MLNUVXGFETRAIHHW.cpp)
C:\Users\net_n\Desktop\Project\2022\DF_Engine\DX11_TeamProject_Thymesia\DX11_Thymesia_Framework\Client\Private\GameManager.cpp(344): message : 컴파일되는 함수 템플릿 인스턴스화 'std::pair<std::_Tree_iterator<std::_Tree_val<std::_Tree_simple_types<std::pair<const Engine::_int,std::map<Engine::_int,Client::KEYFRAME_EVENT,std::less<int>,std::allocator<std::pair<const Engine::_int,Client::KEYFRAME_EVENT>>>>>>>,bool> std::_Tree<std::_Tmap_traits<_Kty,_Ty,_Pr,_Alloc,false>>::emplace<Engine::_size_t&,Client::CGameManager::KEYEVENT>(Engine::_size_t &,Client::CGameManager::KEYEVENT &&)'에 대한 참조를 확인하세요.
          with
          [
              _Kty=Engine::_int,
              _Ty=std::map<Engine::_int,Client::KEYFRAME_EVENT,std::less<int>,std::allocator<std::pair<const Engine::_int,Client::KEYFRAME_EVENT>>>,
              _Pr=std::less<int>,
              _Alloc=std::allocator<std::pair<const Engine::_int,std::map<Engine::_int,Client::KEYFRAME_EVENT,std::less<int>,std::allocator<std::pair<const Engine::_int,Client::KEYFRAME_EVENT>>>>>
          ] (소스 파일 컴파일 중 C:\Users\net_n\Desktop\Project\2022\DF_Engine\DX11_TeamProject_Thymesia\DX11_Thymesia_Framework\Client\Default\unity_MLNUVXGFETRAIHHW.cpp)
C:\Users\net_n\Desktop\Project\2022\DF_Engine\DX11_TeamProject_Thymesia\DX11_Thymesia_Framework\Client\Private\GameManager.cpp(344): message : 컴파일되는 함수 템플릿 인스턴스화 'std::pair<std::_Tree_iterator<std::_Tree_val<std::_Tree_simple_types<std::pair<const Engine::_int,std::map<Engine::_int,Client::KEYFRAME_EVENT,std::less<int>,std::allocator<std::pair<const Engine::_int,Client::KEYFRAME_EVENT>>>>>>>,bool> std::_Tree<std::_Tmap_traits<_Kty,_Ty,_Pr,_Alloc,false>>::emplace<Engine::_size_t&,Client::CGameManager::KEYEVENT>(Engine::_size_t &,Client::CGameManager::KEYEVENT &&)'에 대한 참조를 확인하세요.
          with
          [
              _Kty=Engine::_int,
              _Ty=std::map<Engine::_int,Client::KEYFRAME_EVENT,std::less<int>,std::allocator<std::pair<const Engine::_int,Client::KEYFRAME_EVENT>>>,
              _Pr=std::less<int>,
              _Alloc=std::allocator<std::pair<const Engine::_int,std::map<Engine::_int,Client::KEYFRAME_EVENT,std::less<int>,std::allocator<std::pair<const Engine::_int,Client::KEYFRAME_EVENT>>>>>
          ] (소스 파일 컴파일 중 C:\Users\net_n\Desktop\Project\2022\DF_Engine\DX11_TeamProject_Thymesia\DX11_Thymesia_Framework\Client\Default\unity_MLNUVXGFETRAIHHW.cpp)
C:\Program Files\Microsoft Visual Studio\2022\Community\VC\Tools\MSVC\14.31.31103\include\utility(190,48): warning C4267: '초기화 중': 'size_t'에서 '_Ty1'(으)로 변환하면서 데이터가 손실될 수 있습니다.
          with
          [
              _Ty1=const Engine::_int
          ] (소스 파일 컴파일 중 C:\Users\net_n\Desktop\Project\2022\DF_Engine\DX11_TeamProject_Thymesia\DX11_Thymesia_Framework\Client\Default\unity_KD509P3NG3WHDKTF.cpp)
C:\Program Files\Microsoft Visual Studio\2022\Community\VC\Tools\MSVC\14.31.31103\include\xmemory(673): message : 컴파일되는 함수 템플릿 인스턴스화 'std::pair<const Engine::_int,std::list<std::string,std::allocator<std::basic_string<char,std::char_traits<char>,std::allocator<char>>>>>::pair<Engine::_size_t&,_Ty,0>(_Other1,_Other2 &&) noexcept(false)'에 대한 참조를 확인하세요.
          with
          [
              _Ty=std::list<std::string,std::allocator<std::basic_string<char,std::char_traits<char>,std::allocator<char>>>>,
              _Other1=Engine::_size_t &,
              _Other2=std::list<std::string,std::allocator<std::basic_string<char,std::char_traits<char>,std::allocator<char>>>>
          ] (소스 파일 컴파일 중 C:\Users\net_n\Desktop\Project\2022\DF_Engine\DX11_TeamProject_Thymesia\DX11_Thymesia_Framework\Client\Default\unity_KD509P3NG3WHDKTF.cpp)
C:\Program Files\Microsoft Visual Studio\2022\Community\VC\Tools\MSVC\14.31.31103\include\xmemory(680): message : 컴파일되는 함수 템플릿 인스턴스화 'std::pair<const Engine::_int,std::list<std::string,std::allocator<std::basic_string<char,std::char_traits<char>,std::allocator<char>>>>>::pair<Engine::_size_t&,_Ty,0>(_Other1,_Other2 &&) noexcept(false)'에 대한 참조를 확인하세요.
          with
          [
              _Ty=std::list<std::string,std::allocator<std::basic_string<char,std::char_traits<char>,std::allocator<char>>>>,
              _Other1=Engine::_size_t &,
              _Other2=std::list<std::string,std::allocator<std::basic_string<char,std::char_traits<char>,std::allocator<char>>>>
          ] (소스 파일 컴파일 중 C:\Users\net_n\Desktop\Project\2022\DF_Engine\DX11_TeamProject_Thymesia\DX11_Thymesia_Framework\Client\Default\unity_KD509P3NG3WHDKTF.cpp)
C:\Program Files\Microsoft Visual Studio\2022\Community\VC\Tools\MSVC\14.31.31103\include\xtree(804): message : 컴파일되는 함수 템플릿 인스턴스화 'void std::_Default_allocator_traits<_Alloc>::construct<_Ty,Engine::_size_t&,std::list<std::string,std::allocator<std::basic_string<char,std::char_traits<char>,std::allocator<char>>>>>(_Alloc &,_Objty *const ,Engine::_size_t &,std::list<std::string,std::allocator<std::basic_string<char,std::char_traits<char>,std::allocator<char>>>> &&)'에 대한 참조를 확인하세요.
          with
          [
              _Alloc=std::allocator<std::_Tree_node<std::pair<const Engine::_int,std::list<std::string,std::allocator<std::basic_string<char,std::char_traits<char>,std::allocator<char>>>>>,std::_Default_allocator_traits<std::allocator<std::pair<const Engine::_int,std::list<std::string,std::allocator<std::basic_string<char,std::char_traits<char>,std::allocator<char>>>>>>>::void_pointer>>,
              _Ty=std::pair<const Engine::_int,std::list<std::string,std::allocator<std::basic_string<char,std::char_traits<char>,std::allocator<char>>>>>,
              _Objty=std::pair<const Engine::_int,std::list<std::string,std::allocator<std::basic_string<char,std::char_traits<char>,std::allocator<char>>>>>
          ] (소스 파일 컴파일 중 C:\Users\net_n\Desktop\Project\2022\DF_Engine\DX11_TeamProject_Thymesia\DX11_Thymesia_Framework\Client\Default\unity_KD509P3NG3WHDKTF.cpp)
C:\Program Files\Microsoft Visual Studio\2022\Community\VC\Tools\MSVC\14.31.31103\include\xtree(805): message : 컴파일되는 함수 템플릿 인스턴스화 'void std::_Default_allocator_traits<_Alloc>::construct<_Ty,Engine::_size_t&,std::list<std::string,std::allocator<std::basic_string<char,std::char_traits<char>,std::allocator<char>>>>>(_Alloc &,_Objty *const ,Engine::_size_t &,std::list<std::string,std::allocator<std::basic_string<char,std::char_traits<char>,std::allocator<char>>>> &&)'에 대한 참조를 확인하세요.
          with
          [
              _Alloc=std::allocator<std::_Tree_node<std::pair<const Engine::_int,std::list<std::string,std::allocator<std::basic_string<char,std::char_traits<char>,std::allocator<char>>>>>,std::_Default_allocator_traits<std::allocator<std::pair<const Engine::_int,std::list<std::string,std::allocator<std::basic_string<char,std::char_traits<char>,std::allocator<char>>>>>>>::void_pointer>>,
              _Ty=std::pair<const Engine::_int,std::list<std::string,std::allocator<std::basic_string<char,std::char_traits<char>,std::allocator<char>>>>>,
              _Objty=std::pair<const Engine::_int,std::list<std::string,std::allocator<std::basic_string<char,std::char_traits<char>,std::allocator<char>>>>>
          ] (소스 파일 컴파일 중 C:\Users\net_n\Desktop\Project\2022\DF_Engine\DX11_TeamProject_Thymesia\DX11_Thymesia_Framework\Client\Default\unity_KD509P3NG3WHDKTF.cpp)
C:\Program Files\Microsoft Visual Studio\2022\Community\VC\Tools\MSVC\14.31.31103\include\xtree(996): message : 컴파일되는 함수 템플릿 인스턴스화 'std::_Tree_temp_node<std::allocator<std::_Tree_node<std::pair<const Engine::_int,std::list<std::string,std::allocator<std::basic_string<char,std::char_traits<char>,std::allocator<char>>>>>,std::_Default_allocator_traits<_Alloc>::void_pointer>>>::_Tree_temp_node<Engine::_size_t&,_Ty>(_Alnode &,std::_Tree_node<std::pair<const Engine::_int,std::list<std::string,std::allocator<std::basic_string<char,std::char_traits<char>,std::allocator<char>>>>>,std::_Default_allocator_traits<_Alloc>::void_pointer> *,Engine::_size_t &,_Ty &&)'에 대한 참조를 확인하세요.
          with
          [
              _Alloc=std::allocator<std::pair<const Engine::_int,std::list<std::string,std::allocator<std::basic_string<char,std::char_traits<char>,std::allocator<char>>>>>>,
              _Ty=std::list<std::string,std::allocator<std::basic_string<char,std::char_traits<char>,std::allocator<char>>>>,
              _Alnode=std::allocator<std::_Tree_node<std::pair<const Engine::_int,std::list<std::string,std::allocator<std::basic_string<char,std::char_traits<char>,std::allocator<char>>>>>,std::_Default_allocator_traits<std::allocator<std::pair<const Engine::_int,std::list<std::string,std::allocator<std::basic_string<char,std::char_traits<char>,std::allocator<char>>>>>>>::void_pointer>>
          ] (소스 파일 컴파일 중 C:\Users\net_n\Desktop\Project\2022\DF_Engine\DX11_TeamProject_Thymesia\DX11_Thymesia_Framework\Client\Default\unity_KD509P3NG3WHDKTF.cpp)
C:\Program Files\Microsoft Visual Studio\2022\Community\VC\Tools\MSVC\14.31.31103\include\xtree(1012): message : 컴파일되는 함수 템플릿 인스턴스화 'std::_Tree_temp_node<std::allocator<std::_Tree_node<std::pair<const Engine::_int,std::list<std::string,std::allocator<std::basic_string<char,std::char_traits<char>,std::allocator<char>>>>>,std::_Default_allocator_traits<_Alloc>::void_pointer>>>::_Tree_temp_node<Engine::_size_t&,_Ty>(_Alnode &,std::_Tree_node<std::pair<const Engine::_int,std::list<std::string,std::allocator<std::basic_string<char,std::char_traits<char>,std::allocator<char>>>>>,std::_Default_allocator_traits<_Alloc>::void_pointer> *,Engine::_size_t &,_Ty &&)'에 대한 참조를 확인하세요.
          with
          [
              _Alloc=std::allocator<std::pair<const Engine::_int,std::list<std::string,std::allocator<std::basic_string<char,std::char_traits<char>,std::allocator<char>>>>>>,
              _Ty=std::list<std::string,std::allocator<std::basic_string<char,std::char_traits<char>,std::allocator<char>>>>,
              _Alnode=std::allocator<std::_Tree_node<std::pair<const Engine::_int,std::list<std::string,std::allocator<std::basic_string<char,std::char_traits<char>,std::allocator<char>>>>>,std::_Default_allocator_traits<std::allocator<std::pair<const Engine::_int,std::list<std::string,std::allocator<std::basic_string<char,std::char_traits<char>,std::allocator<char>>>>>>>::void_pointer>>
          ] (소스 파일 컴파일 중 C:\Users\net_n\Desktop\Project\2022\DF_Engine\DX11_TeamProject_Thymesia\DX11_Thymesia_Framework\Client\Default\unity_KD509P3NG3WHDKTF.cpp)
C:\Program Files\Microsoft Visual Studio\2022\Community\VC\Tools\MSVC\14.31.31103\include\xtree(1033): message : 컴파일되는 함수 템플릿 인스턴스화 'std::pair<std::_Tree_node<std::pair<const Engine::_int,std::list<std::string,std::allocator<std::basic_string<char,std::char_traits<char>,std::allocator<char>>>>>,std::_Default_allocator_traits<_Alloc>::void_pointer> *,bool> std::_Tree<std::_Tmap_traits<_Kty,_Ty,_Pr,_Alloc,false>>::_Emplace<Engine::_size_t&,_Ty>(Engine::_size_t &,_Ty &&)'에 대한 참조를 확인하세요.
          with
          [
              _Alloc=std::allocator<std::pair<const Engine::_int,std::list<std::string,std::allocator<std::basic_string<char,std::char_traits<char>,std::allocator<char>>>>>>,
              _Kty=Engine::_int,
              _Ty=std::list<std::string,std::allocator<std::basic_string<char,std::char_traits<char>,std::allocator<char>>>>,
              _Pr=std::less<int>
          ] (소스 파일 컴파일 중 C:\Users\net_n\Desktop\Project\2022\DF_Engine\DX11_TeamProject_Thymesia\DX11_Thymesia_Framework\Client\Default\unity_KD509P3NG3WHDKTF.cpp)
C:\Program Files\Microsoft Visual Studio\2022\Community\VC\Tools\MSVC\14.31.31103\include\xtree(1034): message : 컴파일되는 함수 템플릿 인스턴스화 'std::pair<std::_Tree_node<std::pair<const Engine::_int,std::list<std::string,std::allocator<std::basic_string<char,std::char_traits<char>,std::allocator<char>>>>>,std::_Default_allocator_traits<_Alloc>::void_pointer> *,bool> std::_Tree<std::_Tmap_traits<_Kty,_Ty,_Pr,_Alloc,false>>::_Emplace<Engine::_size_t&,_Ty>(Engine::_size_t &,_Ty &&)'에 대한 참조를 확인하세요.
          with
          [
              _Alloc=std::allocator<std::pair<const Engine::_int,std::list<std::string,std::allocator<std::basic_string<char,std::char_traits<char>,std::allocator<char>>>>>>,
              _Kty=Engine::_int,
              _Ty=std::list<std::string,std::allocator<std::basic_string<char,std::char_traits<char>,std::allocator<char>>>>,
              _Pr=std::less<int>
          ] (소스 파일 컴파일 중 C:\Users\net_n\Desktop\Project\2022\DF_Engine\DX11_TeamProject_Thymesia\DX11_Thymesia_Framework\Client\Default\unity_KD509P3NG3WHDKTF.cpp)
C:\Users\net_n\Desktop\Project\2022\DF_Engine\DX11_TeamProject_Thymesia\DX11_Thymesia_Framework\Client\Private\Window_AnimationPlayerView.cpp(202): message : 컴파일되는 함수 템플릿 인스턴스화 'std::pair<std::_Tree_iterator<std::_Tree_val<std::_Tree_simple_types<std::pair<const Engine::_int,std::list<std::string,std::allocator<std::basic_string<char,std::char_traits<char>,std::allocator<char>>>>>>>>,bool> std::_Tree<std::_Tmap_traits<_Kty,_Ty,_Pr,_Alloc,false>>::emplace<Engine::_size_t&,std::list<std::string,std::allocator<std::basic_string<char,std::char_traits<char>,std::allocator<char>>>>>(Engine::_size_t &,std::list<std::string,std::allocator<std::basic_string<char,std::char_traits<char>,std::allocator<char>>>> &&)'에 대한 참조를 확인하세요.
          with
          [
              _Kty=Engine::_int,
              _Ty=std::list<std::string,std::allocator<std::basic_string<char,std::char_traits<char>,std::allocator<char>>>>,
              _Pr=std::less<int>,
              _Alloc=std::allocator<std::pair<const Engine::_int,std::list<std::string,std::allocator<std::basic_string<char,std::char_traits<char>,std::allocator<char>>>>>>
          ] (소스 파일 컴파일 중 C:\Users\net_n\Desktop\Project\2022\DF_Engine\DX11_TeamProject_Thymesia\DX11_Thymesia_Framework\Client\Default\unity_KD509P3NG3WHDKTF.cpp)
C:\Users\net_n\Desktop\Project\2022\DF_Engine\DX11_TeamProject_Thymesia\DX11_Thymesia_Framework\Client\Private\Window_AnimationPlayerView.cpp(202): message : 컴파일되는 함수 템플릿 인스턴스화 'std::pair<std::_Tree_iterator<std::_Tree_val<std::_Tree_simple_types<std::pair<const Engine::_int,std::list<std::string,std::allocator<std::basic_string<char,std::char_traits<char>,std::allocator<char>>>>>>>>,bool> std::_Tree<std::_Tmap_traits<_Kty,_Ty,_Pr,_Alloc,false>>::emplace<Engine::_size_t&,std::list<std::string,std::allocator<std::basic_string<char,std::char_traits<char>,std::allocator<char>>>>>(Engine::_size_t &,std::list<std::string,std::allocator<std::basic_string<char,std::char_traits<char>,std::allocator<char>>>> &&)'에 대한 참조를 확인하세요.
          with
          [
              _Kty=Engine::_int,
              _Ty=std::list<std::string,std::allocator<std::basic_string<char,std::char_traits<char>,std::allocator<char>>>>,
              _Pr=std::less<int>,
              _Alloc=std::allocator<std::pair<const Engine::_int,std::list<std::string,std::allocator<std::basic_string<char,std::char_traits<char>,std::allocator<char>>>>>>
          ] (소스 파일 컴파일 중 C:\Users\net_n\Desktop\Project\2022\DF_Engine\DX11_TeamProject_Thymesia\DX11_Thymesia_Framework\Client\Default\unity_KD509P3NG3WHDKTF.cpp)
  Client.vcxproj -> C:\Users\net_n\Desktop\Project\2022\DF_Engine\DX11_TeamProject_Thymesia\DX11_Thymesia_Framework\Client\Bin\Client.exe
