c:\users\net_n\desktop\project\2022\df_engine\dx11_teamproject_thymesia\dx11_thymesia_framework\engine\default\x64\debug\vc143.pdb
c:\users\net_n\desktop\project\2022\df_engine\dx11_teamproject_thymesia\dx11_thymesia_framework\engine\default\x64\debug\vc143.idb
c:\users\net_n\desktop\project\2022\df_engine\dx11_teamproject_thymesia\dx11_thymesia_framework\engine\default\x64\debug\unity_stqcjncdo46byst0.obj
c:\users\net_n\desktop\project\2022\df_engine\dx11_teamproject_thymesia\dx11_thymesia_framework\engine\default\x64\debug\unity_g15vvvusi16sak8c.obj
c:\users\net_n\desktop\project\2022\df_engine\dx11_teamproject_thymesia\dx11_thymesia_framework\engine\default\x64\debug\unity_iqcytiksrwj6rs11.obj
c:\users\net_n\desktop\project\2022\df_engine\dx11_teamproject_thymesia\dx11_thymesia_framework\engine\default\x64\debug\unity_5nkllp5imgwhenn1.obj
c:\users\net_n\desktop\project\2022\df_engine\dx11_teamproject_thymesia\dx11_thymesia_framework\engine\default\x64\debug\unity_7tle6slkep08d2ys.obj
c:\users\net_n\desktop\project\2022\df_engine\dx11_teamproject_thymesia\dx11_thymesia_framework\engine\default\x64\debug\unity_8isg7bgq96111qxs.obj
c:\users\net_n\desktop\project\2022\df_engine\dx11_teamproject_thymesia\dx11_thymesia_framework\engine\default\x64\debug\unity_pdc8t23r4xp2554x.obj
c:\users\net_n\desktop\project\2022\df_engine\dx11_teamproject_thymesia\dx11_thymesia_framework\engine\default\x64\debug\unity_zksyz2ksb4goaff8.obj
c:\users\net_n\desktop\project\2022\df_engine\dx11_teamproject_thymesia\dx11_thymesia_framework\engine\default\x64\debug\unity_h2dckhv81efokkds.obj
c:\users\net_n\desktop\project\2022\df_engine\dx11_teamproject_thymesia\dx11_thymesia_framework\engine\default\x64\debug\unity_kzsmyufnuwdabg9d.obj
c:\users\net_n\desktop\project\2022\df_engine\dx11_teamproject_thymesia\dx11_thymesia_framework\engine\default\x64\debug\unity_yy5vz8ot82nm43h5.obj
c:\users\net_n\desktop\project\2022\df_engine\dx11_teamproject_thymesia\dx11_thymesia_framework\engine\default\x64\debug\unity_50b4td43bwxn51i7.obj
c:\users\net_n\desktop\project\2022\df_engine\dx11_teamproject_thymesia\dx11_thymesia_framework\engine\default\x64\debug\unity_d10v150igt9dlqv4.obj
c:\users\net_n\desktop\project\2022\df_engine\dx11_teamproject_thymesia\dx11_thymesia_framework\engine\default\x64\debug\unity_ckhzwe7oey9zcn0g.obj
c:\users\net_n\desktop\project\2022\df_engine\dx11_teamproject_thymesia\dx11_thymesia_framework\engine\default\x64\debug\unity_lemp6uj1y895m83r.obj
c:\users\net_n\desktop\project\2022\df_engine\dx11_teamproject_thymesia\dx11_thymesia_framework\engine\default\x64\debug\unity_peu272cbewm5qyay.obj
c:\users\net_n\desktop\project\2022\df_engine\dx11_teamproject_thymesia\dx11_thymesia_framework\engine\default\x64\debug\unity_4jhjcjl78kx5yy9c.obj
c:\users\net_n\desktop\project\2022\df_engine\dx11_teamproject_thymesia\dx11_thymesia_framework\engine\default\x64\debug\unity_deelng9e4j189wzw.obj
c:\users\net_n\desktop\project\2022\df_engine\dx11_teamproject_thymesia\dx11_thymesia_framework\engine\default\x64\debug\unity_572k3h1mvgwkg86w.obj
c:\users\net_n\desktop\project\2022\df_engine\dx11_teamproject_thymesia\dx11_thymesia_framework\engine\default\x64\debug\unity_a0v13icvbbiaupzk.obj
c:\users\net_n\desktop\project\2022\df_engine\dx11_teamproject_thymesia\dx11_thymesia_framework\engine\default\x64\debug\unity_md52f18j7xi0oza8.obj
c:\users\net_n\desktop\project\2022\df_engine\dx11_teamproject_thymesia\dx11_thymesia_framework\engine\default\x64\debug\unity_xh0usv8q2n07lwgn.obj
c:\users\an\desktop\git project\dx11_teamproject_thymesia\dx11_thymesia_framework\engine\bin\engine.lib
c:\users\an\desktop\git project\dx11_teamproject_thymesia\dx11_thymesia_framework\engine\bin\engine.exp
c:\users\net_n\desktop\project\2022\df_engine\dx11_teamproject_thymesia\dx11_thymesia_framework\engine\bin\engine.lib
c:\users\net_n\desktop\project\2022\df_engine\dx11_teamproject_thymesia\dx11_thymesia_framework\engine\bin\engine.exp
c:\users\net_n\desktop\project\2022\df_engine\dx11_teamproject_thymesia\dx11_thymesia_framework\engine\bin\shader_cell.cso
c:\users\net_n\desktop\project\2022\df_engine\dx11_teamproject_thymesia\dx11_thymesia_framework\engine\bin\shader_outline.cso
c:\users\net_n\desktop\project\2022\df_engine\dx11_teamproject_thymesia\dx11_thymesia_framework\engine\bin\engine.dll
c:\users\net_n\desktop\project\2022\df_engine\dx11_teamproject_thymesia\dx11_thymesia_framework\engine\default\x64\debug\engine.ilk
c:\users\net_n\desktop\project\2022\df_engine\dx11_teamproject_thymesia\dx11_thymesia_framework\engine\bin\engine.pdb
c:\users\net_n\desktop\project\2022\df_engine\dx11_teamproject_thymesia\dx11_thymesia_framework\engine\default\x64\debug\engine.res
c:\users\net_n\desktop\project\2022\df_engine\dx11_teamproject_thymesia\dx11_thymesia_framework\engine\default\x64\debug\unity_2vcd7y0xelzl0isd.obj
c:\users\net_n\desktop\project\2022\df_engine\dx11_teamproject_thymesia\dx11_thymesia_framework\engine\default\x64\debug\unity_4fj3pfgi1ien8lx5.obj
c:\users\net_n\desktop\project\2022\df_engine\dx11_teamproject_thymesia\dx11_thymesia_framework\engine\default\x64\debug\unity_bzv4gw8kqjki6osa.obj
c:\users\net_n\desktop\project\2022\df_engine\dx11_teamproject_thymesia\dx11_thymesia_framework\engine\default\x64\debug\unity_c1ek9p49z3f18xjw.obj
c:\users\net_n\desktop\project\2022\df_engine\dx11_teamproject_thymesia\dx11_thymesia_framework\engine\default\x64\debug\unity_cgngewaba2vbii2v.obj
c:\users\net_n\desktop\project\2022\df_engine\dx11_teamproject_thymesia\dx11_thymesia_framework\engine\default\x64\debug\unity_hpdz5zs4ff5jgjzo.obj
c:\users\net_n\desktop\project\2022\df_engine\dx11_teamproject_thymesia\dx11_thymesia_framework\engine\default\x64\debug\unity_t6li8rp115oev0xm.obj
c:\users\net_n\desktop\project\2022\df_engine\dx11_teamproject_thymesia\dx11_thymesia_framework\engine\default\x64\debug\unity_v3et35mn7idw71hq.obj
c:\users\net_n\desktop\project\2022\df_engine\dx11_teamproject_thymesia\dx11_thymesia_framework\engine\default\x64\debug\unity_cgngewaba2vbii2v.obj.enc
c:\users\net_n\desktop\project\2022\df_engine\dx11_teamproject_thymesia\dx11_thymesia_framework\engine\default\x64\debug\engine.tlog\cl.command.1.tlog
c:\users\net_n\desktop\project\2022\df_engine\dx11_teamproject_thymesia\dx11_thymesia_framework\engine\default\x64\debug\engine.tlog\cl.read.1.tlog
c:\users\net_n\desktop\project\2022\df_engine\dx11_teamproject_thymesia\dx11_thymesia_framework\engine\default\x64\debug\engine.tlog\cl.write.1.tlog
c:\users\net_n\desktop\project\2022\df_engine\dx11_teamproject_thymesia\dx11_thymesia_framework\engine\default\x64\debug\engine.tlog\engine.write.1u.tlog
c:\users\net_n\desktop\project\2022\df_engine\dx11_teamproject_thymesia\dx11_thymesia_framework\engine\default\x64\debug\engine.tlog\fxc.command.1.tlog
c:\users\net_n\desktop\project\2022\df_engine\dx11_teamproject_thymesia\dx11_thymesia_framework\engine\default\x64\debug\engine.tlog\fxc.read.1.tlog
c:\users\net_n\desktop\project\2022\df_engine\dx11_teamproject_thymesia\dx11_thymesia_framework\engine\default\x64\debug\engine.tlog\fxc.write.1.tlog
c:\users\net_n\desktop\project\2022\df_engine\dx11_teamproject_thymesia\dx11_thymesia_framework\engine\default\x64\debug\engine.tlog\link.command.1.tlog
c:\users\net_n\desktop\project\2022\df_engine\dx11_teamproject_thymesia\dx11_thymesia_framework\engine\default\x64\debug\engine.tlog\link.read.1.tlog
c:\users\net_n\desktop\project\2022\df_engine\dx11_teamproject_thymesia\dx11_thymesia_framework\engine\default\x64\debug\engine.tlog\link.write.1.tlog
c:\users\net_n\desktop\project\2022\df_engine\dx11_teamproject_thymesia\dx11_thymesia_framework\engine\default\x64\debug\engine.tlog\rc.command.1.tlog
c:\users\net_n\desktop\project\2022\df_engine\dx11_teamproject_thymesia\dx11_thymesia_framework\engine\default\x64\debug\engine.tlog\rc.read.1.tlog
c:\users\net_n\desktop\project\2022\df_engine\dx11_teamproject_thymesia\dx11_thymesia_framework\engine\default\x64\debug\engine.tlog\rc.write.1.tlog
